  Using bundled DotNet SDK
  Log file: C:\Users\Ту\AppData\Local\UnrealBuildTool\Log.txt
  Using 'git status' to determine working set for adaptive non-unity build (D:\C++\4.2\Tanks).
  Invalidating makefile for TanksEditor (working set of source files changed)
  Parsing headers for TanksEditor
    Running UnrealHeaderTool "D:\C++\4.2\Tanks\Tanks\Tanks.uproject" "D:\C++\4.2\Tanks\Tanks\Intermediate\Build\Win64\TanksEditor\Development\TanksEditor.uhtmanifest" -LogCmds="loginit warning, logexit warning, logdatabase error" -Unattended -WarningsAsErrors -abslog="C:\Users\Ту\AppData\Local\UnrealBuildTool\Log_UHT.txt" -installed
  Reflection code generated for TanksEditor in 1,9381526 seconds
  Building TanksEditor...
  Using Visual Studio 2022 14.35.32216 toolchain (C:\Program Files\Microsoft Visual Studio\2022\Community\VC\Tools\MSVC\14.35.32215) and Windows 10.0.20348.0 SDK (C:\Program Files (x86)\Windows Kits\10).
  [Adaptive Build] Excluded from Tanks unity file: Cannon.cpp, MachinePawn.cpp, TankAIController.cpp, TankPawn.cpp, Turret.cpp
  Determining max actions to execute in parallel (6 physical cores, 12 logical cores)
    Executing up to 6 processes, one per physical core
    Requested 1,5 GB free memory per action, 7,45 GB available: limiting max parallel actions to 4
  Building 15 actions with 4 processes...
  [1/15] Compile Turret.gen.cpp
  [2/15] Compile TankPawn.gen.cpp
  [3/15] Compile TAnkAIController.gen.cpp
  [4/15] Compile CannonChange.cpp
  [5/15] Compile AmmoBox.cpp
  [6/15] Compile Turret.cpp
  [7/15] Compile Cannon.cpp
  [8/15] Compile TankPlayerController.cpp
  [9/15] Compile Tanks.init.gen.cpp
  [10/15] Compile Projectile.cpp
  [11/15] Compile TankPawn.cpp
  [12/15] Compile TankAIController.cpp
  [13/15] Link UnrealEditor-Tanks.lib
     Создается библиотека D:\C++\4.2\Tanks\Tanks\Intermediate\Build\Win64\UnrealEditor\Development\Tanks\UnrealEditor-Tanks.lib и объект D:\C++\4.2\Tanks\Tanks\Intermediate\Build\Win64\UnrealEditor\Development\Tanks\UnrealEditor-Tanks.exp
  [14/15] Link UnrealEditor-Tanks.dll
     Создается библиотека D:\C++\4.2\Tanks\Tanks\Intermediate\Build\Win64\UnrealEditor\Development\Tanks\UnrealEditor-Tanks.suppressed.lib и объект D:\C++\4.2\Tanks\Tanks\Intermediate\Build\Win64\UnrealEditor\Development\Tanks\UnrealEditor-Tanks.suppressed.exp
  [15/15] WriteMetadata TanksEditor.target
  Total time in Parallel executor: 15,47 seconds
  Total execution time: 18,96 seconds
